<?xml version="1.0" encoding="UTF-8"?>
<!-- Generated by org.testng.reporters.JUnitReportReporter -->
<testsuite hostname="DESKTOP-P5BPJ6A" failures="0" tests="3" name="com.it_academy.janna.CalculatorUserActionsTest" time="0.219" errors="0" timestamp="2022-09-28T21:22:56 MSK" skipped="0">
  <testcase classname="com.it_academy.janna.CalculatorUserActionsTest" name="testGetUserInputNumberErrorMessage" time="0.000"/>
  <system-out/>
  <testcase classname="com.it_academy.janna.CalculatorUserActionsTest" name="testGetOperandErrorMessage" time="0.110"/>
  <system-out/>
  <testcase classname="com.it_academy.janna.CalculatorUserActionsTest" name="testGetOperandErrorMessage" time="0.109"/>
  <system-out/>
</testsuite> <!-- com.it_academy.janna.CalculatorUserActionsTest -->
